<?xml version="1.0" encoding="UTF-8"?>
<testExecutions version="1">
  <file path="/Users/samirziad/IdeaProjects/ColorCorrector/Group17/tests/unit/popup.test.js">
    <testCase name="Check that the popup title is rendered properly" duration="79"/>
    <testCase name="Check that the button is working properly" duration="3"/>
  </file>
</testExecutions>